app/build/intermediates/manifest_merge_blame_file/debug/manifest-merger-blame-debug-report.txt
1<?xml version="1.0" encoding="utf-8"?>
2<manifest xmlns:android="http://schemas.android.com/apk/res/android"
3    package="com.example.gestures"
4    android:versionCode="1"
5    android:versionName="1.0" >
6
7    <uses-sdk
8        android:minSdkVersion="28"
8-->src/main/AndroidManifest.xml
9        android:targetSdkVersion="30" />
9-->src/main/AndroidManifest.xml
10
11    <uses-permission android:name="android.permission.INTERNET" />
11-->src/main/AndroidManifest.xml:5:5-66
11-->src/main/AndroidManifest.xml:5:22-64
12    <uses-permission android:name="android.permission.READ_EXTERNAL_STORAGE" />
12-->src/main/AndroidManifest.xml:6:5-80
12-->src/main/AndroidManifest.xml:6:22-77
13    <uses-permission android:name="android.permission.WRITE_EXTERNAL_STORAGE" />
13-->src/main/AndroidManifest.xml:7:5-80
13-->src/main/AndroidManifest.xml:7:22-78
14    <uses-permission android:name="android.permission.RECORD_AUDIO" />
14-->src/main/AndroidManifest.xml:8:5-70
14-->src/main/AndroidManifest.xml:8:22-68
15    <uses-permission android:name="android.permission.FOREGROUND_SERVICE_TYPE_MEDIA_PROJECTION" />
15-->src/main/AndroidManifest.xml:9:5-99
15-->src/main/AndroidManifest.xml:9:22-96
16    <uses-permission android:name="android.permission.FOREGROUND_SERVICE" />
16-->src/main/AndroidManifest.xml:10:5-77
16-->src/main/AndroidManifest.xml:10:22-74
17
18    <application
18-->src/main/AndroidManifest.xml:12:5-38:19
19        android:name="com.example.gestures.MyApplication"
19-->src/main/AndroidManifest.xml:13:9-38
20        android:allowBackup="true"
20-->src/main/AndroidManifest.xml:14:9-35
21        android:appComponentFactory="androidx.core.app.CoreComponentFactory"
21-->[androidx.core:core:1.5.0] AndroidManifest.xml:24:18-86
22        android:debuggable="true"
23        android:extractNativeLibs="false"
24        android:icon="@mipmap/ic_launcher"
24-->src/main/AndroidManifest.xml:15:9-43
25        android:label="@string/app_name"
25-->src/main/AndroidManifest.xml:16:9-41
26        android:roundIcon="@mipmap/ic_launcher_round"
26-->src/main/AndroidManifest.xml:17:9-54
27        android:supportsRtl="true"
27-->src/main/AndroidManifest.xml:18:9-35
28        android:testOnly="true"
29        android:theme="@style/Theme.Gestures"
29-->src/main/AndroidManifest.xml:19:9-46
30        android:usesCleartextTraffic="true" >
30-->src/main/AndroidManifest.xml:20:9-44
31        <activity android:name="com.example.gestures.MainActivity2" />
31-->src/main/AndroidManifest.xml:21:9-60
31-->src/main/AndroidManifest.xml:21:19-48
32        <activity android:name="com.example.gestures.BaseActivity" />
32-->src/main/AndroidManifest.xml:22:9-50
32-->src/main/AndroidManifest.xml:22:19-47
33        <activity android:name="com.example.gestures.MainActivity" >
33-->src/main/AndroidManifest.xml:23:9-29:20
33-->src/main/AndroidManifest.xml:23:19-47
34            <intent-filter>
34-->src/main/AndroidManifest.xml:24:13-28:29
35                <action android:name="android.intent.action.MAIN" />
35-->src/main/AndroidManifest.xml:25:17-69
35-->src/main/AndroidManifest.xml:25:25-66
36
37                <category android:name="android.intent.category.LAUNCHER" />
37-->src/main/AndroidManifest.xml:27:17-77
37-->src/main/AndroidManifest.xml:27:27-74
38            </intent-filter>
39        </activity>
40
41        <service
41-->src/main/AndroidManifest.xml:31:9-37:19
42            android:name="com.example.gestures.ForegroundService"
42-->src/main/AndroidManifest.xml:32:13-46
43            android:enabled="true"
43-->src/main/AndroidManifest.xml:33:13-35
44            android:exported="true"
44-->src/main/AndroidManifest.xml:34:13-36
45            android:foregroundServiceType="mediaProjection"
45-->src/main/AndroidManifest.xml:35:13-60
46            android:stopWithTask="true" >
46-->src/main/AndroidManifest.xml:36:13-40
47        </service>
48    </application>
49
50</manifest>